<?xml version="1.0" encoding="UTF-8"?>
<!-- Generated by org.testng.reporters.JUnitReportReporter -->
<testsuite hostname="Deepaks-MacBook-Air.local" failures="0" tests="1" name="FinalMaven.HomePage" time="4.552" errors="0" timestamp="24 May 2021 16:09:47 GMT">
  <testcase classname="FinalMaven.HomePage" name="basepageNavigation" time="4.552"/>
</testsuite> <!-- FinalMaven.HomePage -->
