<?xml version="1.0" encoding="UTF-8"?>
<!-- Generated by org.testng.reporters.JUnitReportReporter -->
<testsuite hostname="Deepaks-MacBook-Air.local" failures="0" tests="1" name="testCases.ValidateNavigationBar" time="0.132" errors="0" timestamp="6 Jun 2021 11:01:34 GMT">
  <testcase classname="testCases.ValidateNavigationBar" name="basepageNavigation" time="0.132"/>
</testsuite> <!-- testCases.ValidateNavigationBar -->
